2018-09-18 16:29:37,960 INFO [org.springframework.web.context.ContextLoader] - Root WebApplicationContext: initialization started
2018-09-18 16:29:38,048 INFO [org.springframework.web.context.support.XmlWebApplicationContext] - Refreshing Root WebApplicationContext: startup date [Tue Sep 18 16:29:38 CST 2018]; root of context hierarchy
2018-09-18 16:29:38,111 INFO [org.springframework.beans.factory.xml.XmlBeanDefinitionReader] - Loading XML bean definitions from class path resource [spring/root.xml]
2018-09-18 16:29:38,422 ERROR [org.springframework.web.context.ContextLoader] - Context initialization failed
org.springframework.beans.factory.xml.XmlBeanDefinitionStoreException: Line 31 in XML document from class path resource [spring/root.xml] is invalid; nested exception is org.xml.sax.SAXParseException; lineNumber: 31; columnNumber: 103; cvc-complex-type.2.4.a: 发现了以元素 'bean' 开头的无效内容。应以 '{"http://www.springframework.org/schema/beans":meta, "http://www.springframework.org/schema/beans":constructor-arg, "http://www.springframework.org/schema/beans":property, "http://www.springframework.org/schema/beans":qualifier, "http://www.springframework.org/schema/beans":lookup-method, "http://www.springframework.org/schema/beans":replaced-method, WC[##other:"http://www.springframework.org/schema/beans"]}' 之一开头。
	at org.springframework.beans.factory.xml.XmlBeanDefinitionReader.doLoadBeanDefinitions(XmlBeanDefinitionReader.java:398)
	at org.springframework.beans.factory.xml.XmlBeanDefinitionReader.loadBeanDefinitions(XmlBeanDefinitionReader.java:335)
	at org.springframework.beans.factory.xml.XmlBeanDefinitionReader.loadBeanDefinitions(XmlBeanDefinitionReader.java:303)
	at org.springframework.beans.factory.support.AbstractBeanDefinitionReader.loadBeanDefinitions(AbstractBeanDefinitionReader.java:187)
	at org.springframework.beans.factory.support.AbstractBeanDefinitionReader.loadBeanDefinitions(AbstractBeanDefinitionReader.java:223)
	at org.springframework.beans.factory.support.AbstractBeanDefinitionReader.loadBeanDefinitions(AbstractBeanDefinitionReader.java:194)
	at org.springframework.web.context.support.XmlWebApplicationContext.loadBeanDefinitions(XmlWebApplicationContext.java:125)
	at org.springframework.web.context.support.XmlWebApplicationContext.loadBeanDefinitions(XmlWebApplicationContext.java:94)
	at org.springframework.context.support.AbstractRefreshableApplicationContext.refreshBeanFactory(AbstractRefreshableApplicationContext.java:133)
	at org.springframework.context.support.AbstractApplicationContext.obtainFreshBeanFactory(AbstractApplicationContext.java:621)
	at org.springframework.context.support.AbstractApplicationContext.refresh(AbstractApplicationContext.java:522)
	at org.springframework.web.context.ContextLoader.configureAndRefreshWebApplicationContext(ContextLoader.java:409)
	at org.springframework.web.context.ContextLoader.initWebApplicationContext(ContextLoader.java:291)
	at org.springframework.web.context.ContextLoaderListener.contextInitialized(ContextLoaderListener.java:103)
	at org.apache.catalina.core.StandardContext.listenerStart(StandardContext.java:4939)
	at org.apache.catalina.core.StandardContext.startInternal(StandardContext.java:5434)
	at org.apache.catalina.util.LifecycleBase.start(LifecycleBase.java:150)
	at org.apache.catalina.core.ContainerBase$StartChild.call(ContainerBase.java:1559)
	at org.apache.catalina.core.ContainerBase$StartChild.call(ContainerBase.java:1549)
	at java.util.concurrent.FutureTask.run(FutureTask.java:266)
	at java.util.concurrent.ThreadPoolExecutor.runWorker(ThreadPoolExecutor.java:1149)
	at java.util.concurrent.ThreadPoolExecutor$Worker.run(ThreadPoolExecutor.java:624)
	at java.lang.Thread.run(Thread.java:748)
Caused by: org.xml.sax.SAXParseException; lineNumber: 31; columnNumber: 103; cvc-complex-type.2.4.a: 发现了以元素 'bean' 开头的无效内容。应以 '{"http://www.springframework.org/schema/beans":meta, "http://www.springframework.org/schema/beans":constructor-arg, "http://www.springframework.org/schema/beans":property, "http://www.springframework.org/schema/beans":qualifier, "http://www.springframework.org/schema/beans":lookup-method, "http://www.springframework.org/schema/beans":replaced-method, WC[##other:"http://www.springframework.org/schema/beans"]}' 之一开头。
	at com.sun.org.apache.xerces.internal.util.ErrorHandlerWrapper.createSAXParseException(ErrorHandlerWrapper.java:203)
	at com.sun.org.apache.xerces.internal.util.ErrorHandlerWrapper.error(ErrorHandlerWrapper.java:134)
	at com.sun.org.apache.xerces.internal.impl.XMLErrorReporter.reportError(XMLErrorReporter.java:396)
	at com.sun.org.apache.xerces.internal.impl.XMLErrorReporter.reportError(XMLErrorReporter.java:327)
	at com.sun.org.apache.xerces.internal.impl.XMLErrorReporter.reportError(XMLErrorReporter.java:284)
	at com.sun.org.apache.xerces.internal.impl.xs.XMLSchemaValidator$XSIErrorReporter.reportError(XMLSchemaValidator.java:453)
	at com.sun.org.apache.xerces.internal.impl.xs.XMLSchemaValidator.reportSchemaError(XMLSchemaValidator.java:3231)
	at com.sun.org.apache.xerces.internal.impl.xs.XMLSchemaValidator.handleStartElement(XMLSchemaValidator.java:1791)
	at com.sun.org.apache.xerces.internal.impl.xs.XMLSchemaValidator.emptyElement(XMLSchemaValidator.java:761)
	at com.sun.org.apache.xerces.internal.impl.XMLNSDocumentScannerImpl.scanStartElement(XMLNSDocumentScannerImpl.java:351)
	at com.sun.org.apache.xerces.internal.impl.XMLDocumentFragmentScannerImpl$FragmentContentDriver.next(XMLDocumentFragmentScannerImpl.java:2784)
	at com.sun.org.apache.xerces.internal.impl.XMLDocumentScannerImpl.next(XMLDocumentScannerImpl.java:602)
	at com.sun.org.apache.xerces.internal.impl.XMLNSDocumentScannerImpl.next(XMLNSDocumentScannerImpl.java:112)
	at com.sun.org.apache.xerces.internal.impl.XMLDocumentFragmentScannerImpl.scanDocument(XMLDocumentFragmentScannerImpl.java:505)
	at com.sun.org.apache.xerces.internal.parsers.XML11Configuration.parse(XML11Configuration.java:842)
	at com.sun.org.apache.xerces.internal.parsers.XML11Configuration.parse(XML11Configuration.java:771)
	at com.sun.org.apache.xerces.internal.parsers.XMLParser.parse(XMLParser.java:141)
	at com.sun.org.apache.xerces.internal.parsers.DOMParser.parse(DOMParser.java:243)
	at com.sun.org.apache.xerces.internal.jaxp.DocumentBuilderImpl.parse(DocumentBuilderImpl.java:339)
	at org.springframework.beans.factory.xml.DefaultDocumentLoader.loadDocument(DefaultDocumentLoader.java:77)
	at org.springframework.beans.factory.xml.XmlBeanDefinitionReader.doLoadDocument(XmlBeanDefinitionReader.java:428)
	at org.springframework.beans.factory.xml.XmlBeanDefinitionReader.doLoadBeanDefinitions(XmlBeanDefinitionReader.java:390)
	... 22 more
2018-09-18 16:29:38,447 INFO [org.springframework.web.context.support.XmlWebApplicationContext] - Closing Root WebApplicationContext: startup date [Tue Sep 18 16:29:38 CST 2018]; root of context hierarchy
2018-09-18 16:31:55,780 INFO [org.springframework.web.context.ContextLoader] - Root WebApplicationContext: initialization started
2018-09-18 16:31:55,916 INFO [org.springframework.web.context.support.XmlWebApplicationContext] - Refreshing Root WebApplicationContext: startup date [Tue Sep 18 16:31:55 CST 2018]; root of context hierarchy
2018-09-18 16:31:56,010 INFO [org.springframework.beans.factory.xml.XmlBeanDefinitionReader] - Loading XML bean definitions from class path resource [spring/root.xml]
2018-09-18 16:31:56,353 ERROR [org.springframework.web.context.ContextLoader] - Context initialization failed
org.springframework.beans.factory.xml.XmlBeanDefinitionStoreException: Line 31 in XML document from class path resource [spring/root.xml] is invalid; nested exception is org.xml.sax.SAXParseException; lineNumber: 31; columnNumber: 103; cvc-complex-type.2.4.a: 发现了以元素 'bean' 开头的无效内容。应以 '{"http://www.springframework.org/schema/beans":meta, "http://www.springframework.org/schema/beans":constructor-arg, "http://www.springframework.org/schema/beans":property, "http://www.springframework.org/schema/beans":qualifier, "http://www.springframework.org/schema/beans":lookup-method, "http://www.springframework.org/schema/beans":replaced-method, WC[##other:"http://www.springframework.org/schema/beans"]}' 之一开头。
	at org.springframework.beans.factory.xml.XmlBeanDefinitionReader.doLoadBeanDefinitions(XmlBeanDefinitionReader.java:398)
	at org.springframework.beans.factory.xml.XmlBeanDefinitionReader.loadBeanDefinitions(XmlBeanDefinitionReader.java:335)
	at org.springframework.beans.factory.xml.XmlBeanDefinitionReader.loadBeanDefinitions(XmlBeanDefinitionReader.java:303)
	at org.springframework.beans.factory.support.AbstractBeanDefinitionReader.loadBeanDefinitions(AbstractBeanDefinitionReader.java:187)
	at org.springframework.beans.factory.support.AbstractBeanDefinitionReader.loadBeanDefinitions(AbstractBeanDefinitionReader.java:223)
	at org.springframework.beans.factory.support.AbstractBeanDefinitionReader.loadBeanDefinitions(AbstractBeanDefinitionReader.java:194)
	at org.springframework.web.context.support.XmlWebApplicationContext.loadBeanDefinitions(XmlWebApplicationContext.java:125)
	at org.springframework.web.context.support.XmlWebApplicationContext.loadBeanDefinitions(XmlWebApplicationContext.java:94)
	at org.springframework.context.support.AbstractRefreshableApplicationContext.refreshBeanFactory(AbstractRefreshableApplicationContext.java:133)
	at org.springframework.context.support.AbstractApplicationContext.obtainFreshBeanFactory(AbstractApplicationContext.java:621)
	at org.springframework.context.support.AbstractApplicationContext.refresh(AbstractApplicationContext.java:522)
	at org.springframework.web.context.ContextLoader.configureAndRefreshWebApplicationContext(ContextLoader.java:409)
	at org.springframework.web.context.ContextLoader.initWebApplicationContext(ContextLoader.java:291)
	at org.springframework.web.context.ContextLoaderListener.contextInitialized(ContextLoaderListener.java:103)
	at org.apache.catalina.core.StandardContext.listenerStart(StandardContext.java:4939)
	at org.apache.catalina.core.StandardContext.startInternal(StandardContext.java:5434)
	at org.apache.catalina.util.LifecycleBase.start(LifecycleBase.java:150)
	at org.apache.catalina.core.ContainerBase$StartChild.call(ContainerBase.java:1559)
	at org.apache.catalina.core.ContainerBase$StartChild.call(ContainerBase.java:1549)
	at java.util.concurrent.FutureTask.run(FutureTask.java:266)
	at java.util.concurrent.ThreadPoolExecutor.runWorker(ThreadPoolExecutor.java:1149)
	at java.util.concurrent.ThreadPoolExecutor$Worker.run(ThreadPoolExecutor.java:624)
	at java.lang.Thread.run(Thread.java:748)
Caused by: org.xml.sax.SAXParseException; lineNumber: 31; columnNumber: 103; cvc-complex-type.2.4.a: 发现了以元素 'bean' 开头的无效内容。应以 '{"http://www.springframework.org/schema/beans":meta, "http://www.springframework.org/schema/beans":constructor-arg, "http://www.springframework.org/schema/beans":property, "http://www.springframework.org/schema/beans":qualifier, "http://www.springframework.org/schema/beans":lookup-method, "http://www.springframework.org/schema/beans":replaced-method, WC[##other:"http://www.springframework.org/schema/beans"]}' 之一开头。
	at com.sun.org.apache.xerces.internal.util.ErrorHandlerWrapper.createSAXParseException(ErrorHandlerWrapper.java:203)
	at com.sun.org.apache.xerces.internal.util.ErrorHandlerWrapper.error(ErrorHandlerWrapper.java:134)
	at com.sun.org.apache.xerces.internal.impl.XMLErrorReporter.reportError(XMLErrorReporter.java:396)
	at com.sun.org.apache.xerces.internal.impl.XMLErrorReporter.reportError(XMLErrorReporter.java:327)
	at com.sun.org.apache.xerces.internal.impl.XMLErrorReporter.reportError(XMLErrorReporter.java:284)
	at com.sun.org.apache.xerces.internal.impl.xs.XMLSchemaValidator$XSIErrorReporter.reportError(XMLSchemaValidator.java:453)
	at com.sun.org.apache.xerces.internal.impl.xs.XMLSchemaValidator.reportSchemaError(XMLSchemaValidator.java:3231)
	at com.sun.org.apache.xerces.internal.impl.xs.XMLSchemaValidator.handleStartElement(XMLSchemaValidator.java:1791)
	at com.sun.org.apache.xerces.internal.impl.xs.XMLSchemaValidator.emptyElement(XMLSchemaValidator.java:761)
	at com.sun.org.apache.xerces.internal.impl.XMLNSDocumentScannerImpl.scanStartElement(XMLNSDocumentScannerImpl.java:351)
	at com.sun.org.apache.xerces.internal.impl.XMLDocumentFragmentScannerImpl$FragmentContentDriver.next(XMLDocumentFragmentScannerImpl.java:2784)
	at com.sun.org.apache.xerces.internal.impl.XMLDocumentScannerImpl.next(XMLDocumentScannerImpl.java:602)
	at com.sun.org.apache.xerces.internal.impl.XMLNSDocumentScannerImpl.next(XMLNSDocumentScannerImpl.java:112)
	at com.sun.org.apache.xerces.internal.impl.XMLDocumentFragmentScannerImpl.scanDocument(XMLDocumentFragmentScannerImpl.java:505)
	at com.sun.org.apache.xerces.internal.parsers.XML11Configuration.parse(XML11Configuration.java:842)
	at com.sun.org.apache.xerces.internal.parsers.XML11Configuration.parse(XML11Configuration.java:771)
	at com.sun.org.apache.xerces.internal.parsers.XMLParser.parse(XMLParser.java:141)
	at com.sun.org.apache.xerces.internal.parsers.DOMParser.parse(DOMParser.java:243)
	at com.sun.org.apache.xerces.internal.jaxp.DocumentBuilderImpl.parse(DocumentBuilderImpl.java:339)
	at org.springframework.beans.factory.xml.DefaultDocumentLoader.loadDocument(DefaultDocumentLoader.java:77)
	at org.springframework.beans.factory.xml.XmlBeanDefinitionReader.doLoadDocument(XmlBeanDefinitionReader.java:428)
	at org.springframework.beans.factory.xml.XmlBeanDefinitionReader.doLoadBeanDefinitions(XmlBeanDefinitionReader.java:390)
	... 22 more
2018-09-18 16:31:56,400 INFO [org.springframework.web.context.support.XmlWebApplicationContext] - Closing Root WebApplicationContext: startup date [Tue Sep 18 16:31:55 CST 2018]; root of context hierarchy
2018-09-18 16:38:53,715 INFO [org.springframework.web.context.ContextLoader] - Root WebApplicationContext: initialization started
2018-09-18 16:38:53,798 INFO [org.springframework.web.context.support.XmlWebApplicationContext] - Refreshing Root WebApplicationContext: startup date [Tue Sep 18 16:38:53 CST 2018]; root of context hierarchy
2018-09-18 16:38:53,889 INFO [org.springframework.beans.factory.xml.XmlBeanDefinitionReader] - Loading XML bean definitions from class path resource [spring/root.xml]
2018-09-18 16:38:54,119 INFO [com.alibaba.dubbo.common.logger.LoggerFactory] - using logger: com.alibaba.dubbo.common.logger.log4j.Log4jLoggerAdapter
2018-09-18 16:38:54,812 INFO [org.springframework.context.support.PostProcessorRegistrationDelegate$BeanPostProcessorChecker] - Bean 'realm' of type [com.taotao.sso.shiro.realm.TaoTaoRealm] is not eligible for getting processed by all BeanPostProcessors (for example: not eligible for auto-proxying)
2018-09-18 16:38:54,866 INFO [org.springframework.context.support.PostProcessorRegistrationDelegate$BeanPostProcessorChecker] - Bean 'securityManager' of type [org.apache.shiro.web.mgt.DefaultWebSecurityManager] is not eligible for getting processed by all BeanPostProcessors (for example: not eligible for auto-proxying)
2018-09-18 16:38:54,937 INFO [org.springframework.web.context.ContextLoader] - Root WebApplicationContext: initialization completed in 1219 ms
2018-09-18 16:38:55,050 INFO [org.springframework.web.servlet.DispatcherServlet] - FrameworkServlet 'taotao-manager-web': initialization started
2018-09-18 16:38:55,061 INFO [org.springframework.web.context.support.XmlWebApplicationContext] - Refreshing WebApplicationContext for namespace 'taotao-manager-web-servlet': startup date [Tue Sep 18 16:38:55 CST 2018]; parent: Root WebApplicationContext
2018-09-18 16:38:55,062 INFO [org.springframework.beans.factory.xml.XmlBeanDefinitionReader] - Loading XML bean definitions from class path resource [spring/springmvc.xml]
2018-09-18 16:38:55,435 INFO [org.springframework.beans.factory.annotation.AutowiredAnnotationBeanPostProcessor] - JSR-330 'javax.inject.Inject' annotation found and supported for autowiring
2018-09-18 16:38:56,184 INFO [org.springframework.web.servlet.mvc.method.annotation.RequestMappingHandlerAdapter] - Looking for @ControllerAdvice: WebApplicationContext for namespace 'taotao-manager-web-servlet': startup date [Tue Sep 18 16:38:55 CST 2018]; parent: Root WebApplicationContext
2018-09-18 16:38:56,265 INFO [org.springframework.web.servlet.mvc.method.annotation.RequestMappingHandlerAdapter] - Looking for @ControllerAdvice: WebApplicationContext for namespace 'taotao-manager-web-servlet': startup date [Tue Sep 18 16:38:55 CST 2018]; parent: Root WebApplicationContext
2018-09-18 16:38:56,362 WARN [org.springframework.web.context.support.XmlWebApplicationContext] - Exception encountered during context initialization - cancelling refresh attempt: org.springframework.beans.factory.BeanCreationException: Error creating bean with name 'multipartResolver': Lookup method resolution failed; nested exception is java.lang.IllegalStateException: Failed to introspect Class [org.springframework.web.multipart.commons.CommonsMultipartResolver] from ClassLoader [WebappClassLoader
  context: 
  delegate: false
  repositories:
----------> Parent Classloader:
ClassRealm[plugin>org.apache.tomcat.maven:tomcat7-maven-plugin:2.2, parent: sun.misc.Launcher$AppClassLoader@33909752]
]
2018-09-18 16:38:56,369 ERROR [org.springframework.web.servlet.DispatcherServlet] - Context initialization failed
org.springframework.beans.factory.BeanCreationException: Error creating bean with name 'multipartResolver': Lookup method resolution failed; nested exception is java.lang.IllegalStateException: Failed to introspect Class [org.springframework.web.multipart.commons.CommonsMultipartResolver] from ClassLoader [WebappClassLoader
  context: 
  delegate: false
  repositories:
----------> Parent Classloader:
ClassRealm[plugin>org.apache.tomcat.maven:tomcat7-maven-plugin:2.2, parent: sun.misc.Launcher$AppClassLoader@33909752]
]
	at org.springframework.beans.factory.annotation.AutowiredAnnotationBeanPostProcessor.determineCandidateConstructors(AutowiredAnnotationBeanPostProcessor.java:261)
	at org.springframework.beans.factory.support.AbstractAutowireCapableBeanFactory.determineConstructorsFromBeanPostProcessors(AbstractAutowireCapableBeanFactory.java:1195)
	at org.springframework.beans.factory.support.AbstractAutowireCapableBeanFactory.createBeanInstance(AbstractAutowireCapableBeanFactory.java:1120)
	at org.springframework.beans.factory.support.AbstractAutowireCapableBeanFactory.doCreateBean(AbstractAutowireCapableBeanFactory.java:535)
	at org.springframework.beans.factory.support.AbstractAutowireCapableBeanFactory.createBean(AbstractAutowireCapableBeanFactory.java:495)
	at org.springframework.beans.factory.support.AbstractBeanFactory.lambda$doGetBean$0(AbstractBeanFactory.java:317)
	at org.springframework.beans.factory.support.DefaultSingletonBeanRegistry.getSingleton(DefaultSingletonBeanRegistry.java:222)
	at org.springframework.beans.factory.support.AbstractBeanFactory.doGetBean(AbstractBeanFactory.java:315)
	at org.springframework.beans.factory.support.AbstractBeanFactory.getBean(AbstractBeanFactory.java:199)
	at org.springframework.beans.factory.support.DefaultListableBeanFactory.preInstantiateSingletons(DefaultListableBeanFactory.java:759)
	at org.springframework.context.support.AbstractApplicationContext.finishBeanFactoryInitialization(AbstractApplicationContext.java:869)
	at org.springframework.context.support.AbstractApplicationContext.refresh(AbstractApplicationContext.java:550)
	at org.springframework.web.servlet.FrameworkServlet.configureAndRefreshWebApplicationContext(FrameworkServlet.java:672)
	at org.springframework.web.servlet.FrameworkServlet.createWebApplicationContext(FrameworkServlet.java:638)
	at org.springframework.web.servlet.FrameworkServlet.createWebApplicationContext(FrameworkServlet.java:686)
	at org.springframework.web.servlet.FrameworkServlet.initWebApplicationContext(FrameworkServlet.java:554)
	at org.springframework.web.servlet.FrameworkServlet.initServletBean(FrameworkServlet.java:499)
	at org.springframework.web.servlet.HttpServletBean.init(HttpServletBean.java:172)
	at javax.servlet.GenericServlet.init(GenericServlet.java:160)
	at org.apache.catalina.core.StandardWrapper.initServlet(StandardWrapper.java:1280)
	at org.apache.catalina.core.StandardWrapper.loadServlet(StandardWrapper.java:1193)
	at org.apache.catalina.core.StandardWrapper.load(StandardWrapper.java:1088)
	at org.apache.catalina.core.StandardContext.loadOnStartup(StandardContext.java:5176)
	at org.apache.catalina.core.StandardContext.startInternal(StandardContext.java:5460)
	at org.apache.catalina.util.LifecycleBase.start(LifecycleBase.java:150)
	at org.apache.catalina.core.ContainerBase$StartChild.call(ContainerBase.java:1559)
	at org.apache.catalina.core.ContainerBase$StartChild.call(ContainerBase.java:1549)
	at java.util.concurrent.FutureTask.run(FutureTask.java:266)
	at java.util.concurrent.ThreadPoolExecutor.runWorker(ThreadPoolExecutor.java:1149)
	at java.util.concurrent.ThreadPoolExecutor$Worker.run(ThreadPoolExecutor.java:624)
	at java.lang.Thread.run(Thread.java:748)
Caused by: java.lang.IllegalStateException: Failed to introspect Class [org.springframework.web.multipart.commons.CommonsMultipartResolver] from ClassLoader [WebappClassLoader
  context: 
  delegate: false
  repositories:
----------> Parent Classloader:
ClassRealm[plugin>org.apache.tomcat.maven:tomcat7-maven-plugin:2.2, parent: sun.misc.Launcher$AppClassLoader@33909752]
]
	at org.springframework.util.ReflectionUtils.getDeclaredMethods(ReflectionUtils.java:659)
	at org.springframework.util.ReflectionUtils.doWithMethods(ReflectionUtils.java:556)
	at org.springframework.util.ReflectionUtils.doWithMethods(ReflectionUtils.java:541)
	at org.springframework.beans.factory.annotation.AutowiredAnnotationBeanPostProcessor.determineCandidateConstructors(AutowiredAnnotationBeanPostProcessor.java:244)
	... 30 more
Caused by: java.lang.NoClassDefFoundError: org/apache/commons/fileupload/FileItemFactory
	at java.lang.Class.getDeclaredMethods0(Native Method)
	at java.lang.Class.privateGetDeclaredMethods(Class.java:2701)
	at java.lang.Class.getDeclaredMethods(Class.java:1975)
	at org.springframework.util.ReflectionUtils.getDeclaredMethods(ReflectionUtils.java:641)
	... 33 more
Caused by: java.lang.ClassNotFoundException: org.apache.commons.fileupload.FileItemFactory
	at org.apache.catalina.loader.WebappClassLoader.loadClass(WebappClassLoader.java:1702)
	at org.apache.catalina.loader.WebappClassLoader.loadClass(WebappClassLoader.java:1547)
	... 37 more
2018-09-18 16:49:11,731 INFO [org.springframework.web.servlet.DispatcherServlet] - FrameworkServlet 'taotao-manager-web': initialization started
2018-09-18 16:49:11,734 INFO [org.springframework.web.context.support.XmlWebApplicationContext] - Refreshing WebApplicationContext for namespace 'taotao-manager-web-servlet': startup date [Tue Sep 18 16:49:11 CST 2018]; parent: Root WebApplicationContext
2018-09-18 16:49:11,736 INFO [org.springframework.beans.factory.xml.XmlBeanDefinitionReader] - Loading XML bean definitions from class path resource [spring/springmvc.xml]
2018-09-18 16:49:11,869 INFO [org.springframework.beans.factory.annotation.AutowiredAnnotationBeanPostProcessor] - JSR-330 'javax.inject.Inject' annotation found and supported for autowiring
2018-09-18 16:49:11,936 INFO [org.springframework.web.servlet.mvc.method.annotation.RequestMappingHandlerAdapter] - Looking for @ControllerAdvice: WebApplicationContext for namespace 'taotao-manager-web-servlet': startup date [Tue Sep 18 16:49:11 CST 2018]; parent: Root WebApplicationContext
2018-09-18 16:49:11,991 INFO [org.springframework.web.servlet.mvc.method.annotation.RequestMappingHandlerAdapter] - Looking for @ControllerAdvice: WebApplicationContext for namespace 'taotao-manager-web-servlet': startup date [Tue Sep 18 16:49:11 CST 2018]; parent: Root WebApplicationContext
2018-09-18 16:49:12,040 WARN [org.springframework.web.context.support.XmlWebApplicationContext] - Exception encountered during context initialization - cancelling refresh attempt: org.springframework.beans.factory.BeanCreationException: Error creating bean with name 'multipartResolver': Lookup method resolution failed; nested exception is java.lang.IllegalStateException: Failed to introspect Class [org.springframework.web.multipart.commons.CommonsMultipartResolver] from ClassLoader [WebappClassLoader
  context: 
  delegate: false
  repositories:
----------> Parent Classloader:
ClassRealm[plugin>org.apache.tomcat.maven:tomcat7-maven-plugin:2.2, parent: sun.misc.Launcher$AppClassLoader@33909752]
]
2018-09-18 16:49:12,041 ERROR [org.springframework.web.servlet.DispatcherServlet] - Context initialization failed
org.springframework.beans.factory.BeanCreationException: Error creating bean with name 'multipartResolver': Lookup method resolution failed; nested exception is java.lang.IllegalStateException: Failed to introspect Class [org.springframework.web.multipart.commons.CommonsMultipartResolver] from ClassLoader [WebappClassLoader
  context: 
  delegate: false
  repositories:
----------> Parent Classloader:
ClassRealm[plugin>org.apache.tomcat.maven:tomcat7-maven-plugin:2.2, parent: sun.misc.Launcher$AppClassLoader@33909752]
]
	at org.springframework.beans.factory.annotation.AutowiredAnnotationBeanPostProcessor.determineCandidateConstructors(AutowiredAnnotationBeanPostProcessor.java:261)
	at org.springframework.beans.factory.support.AbstractAutowireCapableBeanFactory.determineConstructorsFromBeanPostProcessors(AbstractAutowireCapableBeanFactory.java:1195)
	at org.springframework.beans.factory.support.AbstractAutowireCapableBeanFactory.createBeanInstance(AbstractAutowireCapableBeanFactory.java:1120)
	at org.springframework.beans.factory.support.AbstractAutowireCapableBeanFactory.doCreateBean(AbstractAutowireCapableBeanFactory.java:535)
	at org.springframework.beans.factory.support.AbstractAutowireCapableBeanFactory.createBean(AbstractAutowireCapableBeanFactory.java:495)
	at org.springframework.beans.factory.support.AbstractBeanFactory.lambda$doGetBean$0(AbstractBeanFactory.java:317)
	at org.springframework.beans.factory.support.DefaultSingletonBeanRegistry.getSingleton(DefaultSingletonBeanRegistry.java:222)
	at org.springframework.beans.factory.support.AbstractBeanFactory.doGetBean(AbstractBeanFactory.java:315)
	at org.springframework.beans.factory.support.AbstractBeanFactory.getBean(AbstractBeanFactory.java:199)
	at org.springframework.beans.factory.support.DefaultListableBeanFactory.preInstantiateSingletons(DefaultListableBeanFactory.java:759)
	at org.springframework.context.support.AbstractApplicationContext.finishBeanFactoryInitialization(AbstractApplicationContext.java:869)
	at org.springframework.context.support.AbstractApplicationContext.refresh(AbstractApplicationContext.java:550)
	at org.springframework.web.servlet.FrameworkServlet.configureAndRefreshWebApplicationContext(FrameworkServlet.java:672)
	at org.springframework.web.servlet.FrameworkServlet.createWebApplicationContext(FrameworkServlet.java:638)
	at org.springframework.web.servlet.FrameworkServlet.createWebApplicationContext(FrameworkServlet.java:686)
	at org.springframework.web.servlet.FrameworkServlet.initWebApplicationContext(FrameworkServlet.java:554)
	at org.springframework.web.servlet.FrameworkServlet.initServletBean(FrameworkServlet.java:499)
	at org.springframework.web.servlet.HttpServletBean.init(HttpServletBean.java:172)
	at javax.servlet.GenericServlet.init(GenericServlet.java:160)
	at org.apache.catalina.core.StandardWrapper.initServlet(StandardWrapper.java:1280)
	at org.apache.catalina.core.StandardWrapper.loadServlet(StandardWrapper.java:1193)
	at org.apache.catalina.core.StandardWrapper.allocate(StandardWrapper.java:865)
	at org.apache.catalina.core.StandardWrapperValve.invoke(StandardWrapperValve.java:136)
	at org.apache.catalina.core.StandardContextValve.invoke(StandardContextValve.java:123)
	at org.apache.catalina.authenticator.AuthenticatorBase.invoke(AuthenticatorBase.java:502)
	at org.apache.catalina.core.StandardHostValve.invoke(StandardHostValve.java:171)
	at org.apache.catalina.valves.ErrorReportValve.invoke(ErrorReportValve.java:100)
	at org.apache.catalina.valves.AccessLogValve.invoke(AccessLogValve.java:953)
	at org.apache.catalina.core.StandardEngineValve.invoke(StandardEngineValve.java:118)
	at org.apache.catalina.connector.CoyoteAdapter.service(CoyoteAdapter.java:408)
	at org.apache.coyote.http11.AbstractHttp11Processor.process(AbstractHttp11Processor.java:1041)
	at org.apache.coyote.AbstractProtocol$AbstractConnectionHandler.process(AbstractProtocol.java:603)
	at org.apache.tomcat.util.net.JIoEndpoint$SocketProcessor.run(JIoEndpoint.java:310)
	at java.util.concurrent.ThreadPoolExecutor.runWorker(ThreadPoolExecutor.java:1149)
	at java.util.concurrent.ThreadPoolExecutor$Worker.run(ThreadPoolExecutor.java:624)
	at java.lang.Thread.run(Thread.java:748)
Caused by: java.lang.IllegalStateException: Failed to introspect Class [org.springframework.web.multipart.commons.CommonsMultipartResolver] from ClassLoader [WebappClassLoader
  context: 
  delegate: false
  repositories:
----------> Parent Classloader:
ClassRealm[plugin>org.apache.tomcat.maven:tomcat7-maven-plugin:2.2, parent: sun.misc.Launcher$AppClassLoader@33909752]
]
	at org.springframework.util.ReflectionUtils.getDeclaredMethods(ReflectionUtils.java:659)
	at org.springframework.util.ReflectionUtils.doWithMethods(ReflectionUtils.java:556)
	at org.springframework.util.ReflectionUtils.doWithMethods(ReflectionUtils.java:541)
	at org.springframework.beans.factory.annotation.AutowiredAnnotationBeanPostProcessor.determineCandidateConstructors(AutowiredAnnotationBeanPostProcessor.java:244)
	... 35 more
Caused by: java.lang.NoClassDefFoundError: org/apache/commons/fileupload/FileItemFactory
	at java.lang.Class.getDeclaredMethods0(Native Method)
	at java.lang.Class.privateGetDeclaredMethods(Class.java:2701)
	at java.lang.Class.getDeclaredMethods(Class.java:1975)
	at org.springframework.util.ReflectionUtils.getDeclaredMethods(ReflectionUtils.java:641)
	... 38 more
Caused by: java.lang.ClassNotFoundException: org.apache.commons.fileupload.FileItemFactory
	at org.apache.catalina.loader.WebappClassLoader.loadClass(WebappClassLoader.java:1702)
	at org.apache.catalina.loader.WebappClassLoader.loadClass(WebappClassLoader.java:1547)
	... 42 more
2018-09-18 16:49:12,526 INFO [org.springframework.web.servlet.DispatcherServlet] - FrameworkServlet 'taotao-manager-web': initialization started
2018-09-18 16:49:12,529 INFO [org.springframework.web.context.support.XmlWebApplicationContext] - Refreshing WebApplicationContext for namespace 'taotao-manager-web-servlet': startup date [Tue Sep 18 16:49:12 CST 2018]; parent: Root WebApplicationContext
2018-09-18 16:49:12,529 INFO [org.springframework.beans.factory.xml.XmlBeanDefinitionReader] - Loading XML bean definitions from class path resource [spring/springmvc.xml]
2018-09-18 16:49:12,689 INFO [org.springframework.beans.factory.annotation.AutowiredAnnotationBeanPostProcessor] - JSR-330 'javax.inject.Inject' annotation found and supported for autowiring
2018-09-18 16:49:12,791 INFO [org.springframework.web.servlet.mvc.method.annotation.RequestMappingHandlerAdapter] - Looking for @ControllerAdvice: WebApplicationContext for namespace 'taotao-manager-web-servlet': startup date [Tue Sep 18 16:49:12 CST 2018]; parent: Root WebApplicationContext
2018-09-18 16:49:12,823 INFO [org.springframework.web.servlet.mvc.method.annotation.RequestMappingHandlerAdapter] - Looking for @ControllerAdvice: WebApplicationContext for namespace 'taotao-manager-web-servlet': startup date [Tue Sep 18 16:49:12 CST 2018]; parent: Root WebApplicationContext
2018-09-18 16:49:12,876 WARN [org.springframework.web.context.support.XmlWebApplicationContext] - Exception encountered during context initialization - cancelling refresh attempt: org.springframework.beans.factory.BeanCreationException: Error creating bean with name 'multipartResolver': Lookup method resolution failed; nested exception is java.lang.IllegalStateException: Failed to introspect Class [org.springframework.web.multipart.commons.CommonsMultipartResolver] from ClassLoader [WebappClassLoader
  context: 
  delegate: false
  repositories:
----------> Parent Classloader:
ClassRealm[plugin>org.apache.tomcat.maven:tomcat7-maven-plugin:2.2, parent: sun.misc.Launcher$AppClassLoader@33909752]
]
2018-09-18 16:49:12,877 ERROR [org.springframework.web.servlet.DispatcherServlet] - Context initialization failed
org.springframework.beans.factory.BeanCreationException: Error creating bean with name 'multipartResolver': Lookup method resolution failed; nested exception is java.lang.IllegalStateException: Failed to introspect Class [org.springframework.web.multipart.commons.CommonsMultipartResolver] from ClassLoader [WebappClassLoader
  context: 
  delegate: false
  repositories:
----------> Parent Classloader:
ClassRealm[plugin>org.apache.tomcat.maven:tomcat7-maven-plugin:2.2, parent: sun.misc.Launcher$AppClassLoader@33909752]
]
	at org.springframework.beans.factory.annotation.AutowiredAnnotationBeanPostProcessor.determineCandidateConstructors(AutowiredAnnotationBeanPostProcessor.java:261)
	at org.springframework.beans.factory.support.AbstractAutowireCapableBeanFactory.determineConstructorsFromBeanPostProcessors(AbstractAutowireCapableBeanFactory.java:1195)
	at org.springframework.beans.factory.support.AbstractAutowireCapableBeanFactory.createBeanInstance(AbstractAutowireCapableBeanFactory.java:1120)
	at org.springframework.beans.factory.support.AbstractAutowireCapableBeanFactory.doCreateBean(AbstractAutowireCapableBeanFactory.java:535)
	at org.springframework.beans.factory.support.AbstractAutowireCapableBeanFactory.createBean(AbstractAutowireCapableBeanFactory.java:495)
	at org.springframework.beans.factory.support.AbstractBeanFactory.lambda$doGetBean$0(AbstractBeanFactory.java:317)
	at org.springframework.beans.factory.support.DefaultSingletonBeanRegistry.getSingleton(DefaultSingletonBeanRegistry.java:222)
	at org.springframework.beans.factory.support.AbstractBeanFactory.doGetBean(AbstractBeanFactory.java:315)
	at org.springframework.beans.factory.support.AbstractBeanFactory.getBean(AbstractBeanFactory.java:199)
	at org.springframework.beans.factory.support.DefaultListableBeanFactory.preInstantiateSingletons(DefaultListableBeanFactory.java:759)
	at org.springframework.context.support.AbstractApplicationContext.finishBeanFactoryInitialization(AbstractApplicationContext.java:869)
	at org.springframework.context.support.AbstractApplicationContext.refresh(AbstractApplicationContext.java:550)
	at org.springframework.web.servlet.FrameworkServlet.configureAndRefreshWebApplicationContext(FrameworkServlet.java:672)
	at org.springframework.web.servlet.FrameworkServlet.createWebApplicationContext(FrameworkServlet.java:638)
	at org.springframework.web.servlet.FrameworkServlet.createWebApplicationContext(FrameworkServlet.java:686)
	at org.springframework.web.servlet.FrameworkServlet.initWebApplicationContext(FrameworkServlet.java:554)
	at org.springframework.web.servlet.FrameworkServlet.initServletBean(FrameworkServlet.java:499)
	at org.springframework.web.servlet.HttpServletBean.init(HttpServletBean.java:172)
	at javax.servlet.GenericServlet.init(GenericServlet.java:160)
	at org.apache.catalina.core.StandardWrapper.initServlet(StandardWrapper.java:1280)
	at org.apache.catalina.core.StandardWrapper.loadServlet(StandardWrapper.java:1193)
	at org.apache.catalina.core.StandardWrapper.allocate(StandardWrapper.java:865)
	at org.apache.catalina.core.StandardWrapperValve.invoke(StandardWrapperValve.java:136)
	at org.apache.catalina.core.StandardContextValve.invoke(StandardContextValve.java:123)
	at org.apache.catalina.authenticator.AuthenticatorBase.invoke(AuthenticatorBase.java:502)
	at org.apache.catalina.core.StandardHostValve.invoke(StandardHostValve.java:171)
	at org.apache.catalina.valves.ErrorReportValve.invoke(ErrorReportValve.java:100)
	at org.apache.catalina.valves.AccessLogValve.invoke(AccessLogValve.java:953)
	at org.apache.catalina.core.StandardEngineValve.invoke(StandardEngineValve.java:118)
	at org.apache.catalina.connector.CoyoteAdapter.service(CoyoteAdapter.java:408)
	at org.apache.coyote.http11.AbstractHttp11Processor.process(AbstractHttp11Processor.java:1041)
	at org.apache.coyote.AbstractProtocol$AbstractConnectionHandler.process(AbstractProtocol.java:603)
	at org.apache.tomcat.util.net.JIoEndpoint$SocketProcessor.run(JIoEndpoint.java:310)
	at java.util.concurrent.ThreadPoolExecutor.runWorker(ThreadPoolExecutor.java:1149)
	at java.util.concurrent.ThreadPoolExecutor$Worker.run(ThreadPoolExecutor.java:624)
	at java.lang.Thread.run(Thread.java:748)
Caused by: java.lang.IllegalStateException: Failed to introspect Class [org.springframework.web.multipart.commons.CommonsMultipartResolver] from ClassLoader [WebappClassLoader
  context: 
  delegate: false
  repositories:
----------> Parent Classloader:
ClassRealm[plugin>org.apache.tomcat.maven:tomcat7-maven-plugin:2.2, parent: sun.misc.Launcher$AppClassLoader@33909752]
]
	at org.springframework.util.ReflectionUtils.getDeclaredMethods(ReflectionUtils.java:659)
	at org.springframework.util.ReflectionUtils.doWithMethods(ReflectionUtils.java:556)
	at org.springframework.util.ReflectionUtils.doWithMethods(ReflectionUtils.java:541)
	at org.springframework.beans.factory.annotation.AutowiredAnnotationBeanPostProcessor.determineCandidateConstructors(AutowiredAnnotationBeanPostProcessor.java:244)
	... 35 more
Caused by: java.lang.NoClassDefFoundError: org/apache/commons/fileupload/FileItemFactory
	at java.lang.Class.getDeclaredMethods0(Native Method)
	at java.lang.Class.privateGetDeclaredMethods(Class.java:2701)
	at java.lang.Class.getDeclaredMethods(Class.java:1975)
	at org.springframework.util.ReflectionUtils.getDeclaredMethods(ReflectionUtils.java:641)
	... 38 more
Caused by: java.lang.ClassNotFoundException: org.apache.commons.fileupload.FileItemFactory
	at org.apache.catalina.loader.WebappClassLoader.loadClass(WebappClassLoader.java:1702)
	at org.apache.catalina.loader.WebappClassLoader.loadClass(WebappClassLoader.java:1547)
	... 42 more
2018-09-18 16:52:10,551 INFO [org.springframework.web.context.ContextLoader] - Root WebApplicationContext: initialization started
2018-09-18 16:52:10,631 INFO [org.springframework.web.context.support.XmlWebApplicationContext] - Refreshing Root WebApplicationContext: startup date [Tue Sep 18 16:52:10 CST 2018]; root of context hierarchy
2018-09-18 16:52:10,691 INFO [org.springframework.beans.factory.xml.XmlBeanDefinitionReader] - Loading XML bean definitions from class path resource [spring/root.xml]
2018-09-18 16:52:10,891 INFO [com.alibaba.dubbo.common.logger.LoggerFactory] - using logger: com.alibaba.dubbo.common.logger.log4j.Log4jLoggerAdapter
2018-09-18 16:52:11,129 INFO [org.springframework.context.support.PostProcessorRegistrationDelegate$BeanPostProcessorChecker] - Bean 'realm' of type [com.taotao.sso.shiro.realm.TaoTaoRealm] is not eligible for getting processed by all BeanPostProcessors (for example: not eligible for auto-proxying)
2018-09-18 16:52:11,164 INFO [org.springframework.context.support.PostProcessorRegistrationDelegate$BeanPostProcessorChecker] - Bean 'securityManager' of type [org.apache.shiro.web.mgt.DefaultWebSecurityManager] is not eligible for getting processed by all BeanPostProcessors (for example: not eligible for auto-proxying)
2018-09-18 16:52:11,221 INFO [org.springframework.web.context.ContextLoader] - Root WebApplicationContext: initialization completed in 667 ms
2018-09-18 16:52:11,314 INFO [org.springframework.web.servlet.DispatcherServlet] - FrameworkServlet 'taotao-sso': initialization started
2018-09-18 16:52:11,323 INFO [org.springframework.web.context.support.XmlWebApplicationContext] - Refreshing WebApplicationContext for namespace 'taotao-sso-servlet': startup date [Tue Sep 18 16:52:11 CST 2018]; parent: Root WebApplicationContext
2018-09-18 16:52:11,323 INFO [org.springframework.beans.factory.xml.XmlBeanDefinitionReader] - Loading XML bean definitions from class path resource [spring/springmvc.xml]
2018-09-18 16:52:11,632 INFO [org.springframework.beans.factory.annotation.AutowiredAnnotationBeanPostProcessor] - JSR-330 'javax.inject.Inject' annotation found and supported for autowiring
2018-09-18 16:52:12,264 INFO [org.springframework.web.servlet.mvc.method.annotation.RequestMappingHandlerAdapter] - Looking for @ControllerAdvice: WebApplicationContext for namespace 'taotao-sso-servlet': startup date [Tue Sep 18 16:52:11 CST 2018]; parent: Root WebApplicationContext
2018-09-18 16:52:12,359 INFO [org.springframework.web.servlet.mvc.method.annotation.RequestMappingHandlerAdapter] - Looking for @ControllerAdvice: WebApplicationContext for namespace 'taotao-sso-servlet': startup date [Tue Sep 18 16:52:11 CST 2018]; parent: Root WebApplicationContext
2018-09-18 16:52:12,422 WARN [org.springframework.web.context.support.XmlWebApplicationContext] - Exception encountered during context initialization - cancelling refresh attempt: org.springframework.beans.factory.BeanCreationException: Error creating bean with name 'multipartResolver': Lookup method resolution failed; nested exception is java.lang.IllegalStateException: Failed to introspect Class [org.springframework.web.multipart.commons.CommonsMultipartResolver] from ClassLoader [WebappClassLoader
  context: 
  delegate: false
  repositories:
----------> Parent Classloader:
ClassRealm[plugin>org.apache.tomcat.maven:tomcat7-maven-plugin:2.2, parent: sun.misc.Launcher$AppClassLoader@33909752]
]
2018-09-18 16:52:12,423 ERROR [org.springframework.web.servlet.DispatcherServlet] - Context initialization failed
org.springframework.beans.factory.BeanCreationException: Error creating bean with name 'multipartResolver': Lookup method resolution failed; nested exception is java.lang.IllegalStateException: Failed to introspect Class [org.springframework.web.multipart.commons.CommonsMultipartResolver] from ClassLoader [WebappClassLoader
  context: 
  delegate: false
  repositories:
----------> Parent Classloader:
ClassRealm[plugin>org.apache.tomcat.maven:tomcat7-maven-plugin:2.2, parent: sun.misc.Launcher$AppClassLoader@33909752]
]
	at org.springframework.beans.factory.annotation.AutowiredAnnotationBeanPostProcessor.determineCandidateConstructors(AutowiredAnnotationBeanPostProcessor.java:261)
	at org.springframework.beans.factory.support.AbstractAutowireCapableBeanFactory.determineConstructorsFromBeanPostProcessors(AbstractAutowireCapableBeanFactory.java:1195)
	at org.springframework.beans.factory.support.AbstractAutowireCapableBeanFactory.createBeanInstance(AbstractAutowireCapableBeanFactory.java:1120)
	at org.springframework.beans.factory.support.AbstractAutowireCapableBeanFactory.doCreateBean(AbstractAutowireCapableBeanFactory.java:535)
	at org.springframework.beans.factory.support.AbstractAutowireCapableBeanFactory.createBean(AbstractAutowireCapableBeanFactory.java:495)
	at org.springframework.beans.factory.support.AbstractBeanFactory.lambda$doGetBean$0(AbstractBeanFactory.java:317)
	at org.springframework.beans.factory.support.DefaultSingletonBeanRegistry.getSingleton(DefaultSingletonBeanRegistry.java:222)
	at org.springframework.beans.factory.support.AbstractBeanFactory.doGetBean(AbstractBeanFactory.java:315)
	at org.springframework.beans.factory.support.AbstractBeanFactory.getBean(AbstractBeanFactory.java:199)
	at org.springframework.beans.factory.support.DefaultListableBeanFactory.preInstantiateSingletons(DefaultListableBeanFactory.java:759)
	at org.springframework.context.support.AbstractApplicationContext.finishBeanFactoryInitialization(AbstractApplicationContext.java:869)
	at org.springframework.context.support.AbstractApplicationContext.refresh(AbstractApplicationContext.java:550)
	at org.springframework.web.servlet.FrameworkServlet.configureAndRefreshWebApplicationContext(FrameworkServlet.java:672)
	at org.springframework.web.servlet.FrameworkServlet.createWebApplicationContext(FrameworkServlet.java:638)
	at org.springframework.web.servlet.FrameworkServlet.createWebApplicationContext(FrameworkServlet.java:686)
	at org.springframework.web.servlet.FrameworkServlet.initWebApplicationContext(FrameworkServlet.java:554)
	at org.springframework.web.servlet.FrameworkServlet.initServletBean(FrameworkServlet.java:499)
	at org.springframework.web.servlet.HttpServletBean.init(HttpServletBean.java:172)
	at javax.servlet.GenericServlet.init(GenericServlet.java:160)
	at org.apache.catalina.core.StandardWrapper.initServlet(StandardWrapper.java:1280)
	at org.apache.catalina.core.StandardWrapper.loadServlet(StandardWrapper.java:1193)
	at org.apache.catalina.core.StandardWrapper.load(StandardWrapper.java:1088)
	at org.apache.catalina.core.StandardContext.loadOnStartup(StandardContext.java:5176)
	at org.apache.catalina.core.StandardContext.startInternal(StandardContext.java:5460)
	at org.apache.catalina.util.LifecycleBase.start(LifecycleBase.java:150)
	at org.apache.catalina.core.ContainerBase$StartChild.call(ContainerBase.java:1559)
	at org.apache.catalina.core.ContainerBase$StartChild.call(ContainerBase.java:1549)
	at java.util.concurrent.FutureTask.run(FutureTask.java:266)
	at java.util.concurrent.ThreadPoolExecutor.runWorker(ThreadPoolExecutor.java:1149)
	at java.util.concurrent.ThreadPoolExecutor$Worker.run(ThreadPoolExecutor.java:624)
	at java.lang.Thread.run(Thread.java:748)
Caused by: java.lang.IllegalStateException: Failed to introspect Class [org.springframework.web.multipart.commons.CommonsMultipartResolver] from ClassLoader [WebappClassLoader
  context: 
  delegate: false
  repositories:
----------> Parent Classloader:
ClassRealm[plugin>org.apache.tomcat.maven:tomcat7-maven-plugin:2.2, parent: sun.misc.Launcher$AppClassLoader@33909752]
]
	at org.springframework.util.ReflectionUtils.getDeclaredMethods(ReflectionUtils.java:659)
	at org.springframework.util.ReflectionUtils.doWithMethods(ReflectionUtils.java:556)
	at org.springframework.util.ReflectionUtils.doWithMethods(ReflectionUtils.java:541)
	at org.springframework.beans.factory.annotation.AutowiredAnnotationBeanPostProcessor.determineCandidateConstructors(AutowiredAnnotationBeanPostProcessor.java:244)
	... 30 more
Caused by: java.lang.NoClassDefFoundError: org/apache/commons/fileupload/FileItemFactory
	at java.lang.Class.getDeclaredMethods0(Native Method)
	at java.lang.Class.privateGetDeclaredMethods(Class.java:2701)
	at java.lang.Class.getDeclaredMethods(Class.java:1975)
	at org.springframework.util.ReflectionUtils.getDeclaredMethods(ReflectionUtils.java:641)
	... 33 more
Caused by: java.lang.ClassNotFoundException: org.apache.commons.fileupload.FileItemFactory
	at org.apache.catalina.loader.WebappClassLoader.loadClass(WebappClassLoader.java:1702)
	at org.apache.catalina.loader.WebappClassLoader.loadClass(WebappClassLoader.java:1547)
	... 37 more
